<?xml version="1.0" encoding="UTF-8"?>
<testsuite errors="0" failures="0" file="webservice_tests.py" name="webservice_tests.TestWebService-20191129151733" skipped="0" tests="4" time="3.115" timestamp="2019-11-29T15:17:36">
	<testcase classname="webservice_tests.TestWebService" file="src/unittest/python/webservice_tests.py" line="516" name="test_webservice_0_positive_case1" time="0.944" timestamp="2019-11-29T15:17:34">
		<system-out>
<![CDATA[]]>		</system-out>
		<system-err>
<![CDATA[]]>		</system-err>
	</testcase>
	<testcase classname="webservice_tests.TestWebService" file="src/unittest/python/webservice_tests.py" line="516" name="test_webservice_1_negative_case1" time="1.034" timestamp="2019-11-29T15:17:35">
		<system-out>
<![CDATA[]]>		</system-out>
		<system-err>
<![CDATA[]]>		</system-err>
	</testcase>
	<testcase classname="webservice_tests.TestWebService" file="src/unittest/python/webservice_tests.py" line="516" name="test_webservice_2_positive_case2" time="1.133" timestamp="2019-11-29T15:17:36">
		<system-out>
<![CDATA[]]>		</system-out>
		<system-err>
<![CDATA[]]>		</system-err>
	</testcase>
	<testcase classname="webservice_tests.TestWebService" file="src/unittest/python/webservice_tests.py" line="516" name="test_webservice_3_negative_case2" time="0.004" timestamp="2019-11-29T15:17:36">
		<system-out>
<![CDATA[]]>		</system-out>
		<system-err>
<![CDATA[]]>		</system-err>
	</testcase>
</testsuite>
