<?xml version="1.0" encoding="UTF-8"?>
<testsuite errors="0" failures="0" file="webservice_tests.py" name="webservice_tests.TestWebService-20191129143812" skipped="0" tests="4" time="2.981" timestamp="2019-11-29T14:38:15">
	<testcase classname="webservice_tests.TestWebService" file="src/unittest/python/webservice_tests.py" line="516" name="test_webservice_0_positive_case1" time="0.962" timestamp="2019-11-29T14:38:13">
		<system-out>
<![CDATA[]]>		</system-out>
		<system-err>
<![CDATA[]]>		</system-err>
	</testcase>
	<testcase classname="webservice_tests.TestWebService" file="src/unittest/python/webservice_tests.py" line="516" name="test_webservice_1_negative_case1" time="1.107" timestamp="2019-11-29T14:38:14">
		<system-out>
<![CDATA[]]>		</system-out>
		<system-err>
<![CDATA[]]>		</system-err>
	</testcase>
	<testcase classname="webservice_tests.TestWebService" file="src/unittest/python/webservice_tests.py" line="516" name="test_webservice_2_positive_case2" time="0.907" timestamp="2019-11-29T14:38:15">
		<system-out>
<![CDATA[]]>		</system-out>
		<system-err>
<![CDATA[]]>		</system-err>
	</testcase>
	<testcase classname="webservice_tests.TestWebService" file="src/unittest/python/webservice_tests.py" line="516" name="test_webservice_3_negative_case2" time="0.005" timestamp="2019-11-29T14:38:15">
		<system-out>
<![CDATA[]]>		</system-out>
		<system-err>
<![CDATA[]]>		</system-err>
	</testcase>
</testsuite>
