<?xml version="1.0" encoding="UTF-8"?>
<testsuite errors="0" failures="0" file="webservice_tests.py" name="webservice_tests.TestWebService-20191129143136" skipped="0" tests="4" time="3.660" timestamp="2019-11-29T14:31:39">
	<testcase classname="webservice_tests.TestWebService" file="src/unittest/python/webservice_tests.py" line="516" name="test_webservice_0_positive_case1" time="1.300" timestamp="2019-11-29T14:31:37">
		<system-out>
<![CDATA[]]>		</system-out>
		<system-err>
<![CDATA[]]>		</system-err>
	</testcase>
	<testcase classname="webservice_tests.TestWebService" file="src/unittest/python/webservice_tests.py" line="516" name="test_webservice_1_negative_case1" time="1.310" timestamp="2019-11-29T14:31:38">
		<system-out>
<![CDATA[]]>		</system-out>
		<system-err>
<![CDATA[]]>		</system-err>
	</testcase>
	<testcase classname="webservice_tests.TestWebService" file="src/unittest/python/webservice_tests.py" line="516" name="test_webservice_2_positive_case2" time="1.046" timestamp="2019-11-29T14:31:39">
		<system-out>
<![CDATA[]]>		</system-out>
		<system-err>
<![CDATA[]]>		</system-err>
	</testcase>
	<testcase classname="webservice_tests.TestWebService" file="src/unittest/python/webservice_tests.py" line="516" name="test_webservice_3_negative_case2" time="0.005" timestamp="2019-11-29T14:31:39">
		<system-out>
<![CDATA[]]>		</system-out>
		<system-err>
<![CDATA[]]>		</system-err>
	</testcase>
</testsuite>
